Info: Starting: Create block symbol file (.bsf)
Info: ip-generate --project-directory=C:\Users\x5277219\Desktop\Lab4 --output-directory=C:\Users\x5277219\Desktop\Lab4\SerialComCPU1 --report-file=bsf:C:\Users\x5277219\Desktop\Lab4\SerialComCPU1\lab4_cpu.bsf --system-info=DEVICE_FAMILY="Cyclone V" --system-info=DEVICE=5CSEMA5F31C6 --system-info=DEVICE_SPEEDGRADE=6 --component-file=C:\Users\x5277219\Desktop\Lab4\lab4_cpu.qsys
Progress: Loading Lab4/lab4_cpu.qsys
Progress: Reading input file
Progress: Adding clk_0 [clock_source 14.0]
Progress: Parameterizing module clk_0
Progress: Adding onchip_memory [altera_avalon_onchip_memory2 14.0]
Progress: Parameterizing module onchip_memory
Progress: Adding jtag_uart [altera_avalon_jtag_uart 14.0]
Progress: Parameterizing module jtag_uart
Progress: Adding LEDs [altera_avalon_pio 14.0]
Progress: Parameterizing module LEDs
Progress: Adding nios2_processor [altera_nios2_qsys 14.0]
Progress: Parameterizing module nios2_processor
Progress: Adding dataToMem [altera_avalon_pio 14.0]
Progress: Parameterizing module dataToMem
Progress: Adding dataToSent [altera_avalon_pio 14.0]
Progress: Parameterizing module dataToSent
Progress: Adding charSent [altera_avalon_pio 14.0]
Progress: Parameterizing module charSent
Progress: Adding charReceived [altera_avalon_pio 14.0]
Progress: Parameterizing module charReceived
Progress: Adding transEnable [altera_avalon_pio 14.0]
Progress: Parameterizing module transEnable
Progress: Building connections
Progress: Parameterizing connections
Progress: Validating
Progress: Done reading input file
Info: lab4_cpu.nios2_processor: Please note that for early evaluation, preview versions of new Nios II Gen2 Processors are available with this release.
Info: lab4_cpu.dataToMem: PIO inputs are not hardwired in test bench. Undefined values will be read from PIO inputs during simulation.
Info: lab4_cpu.charSent: PIO inputs are not hardwired in test bench. Undefined values will be read from PIO inputs during simulation.
Info: lab4_cpu.charReceived: PIO inputs are not hardwired in test bench. Undefined values will be read from PIO inputs during simulation.
Info: ip-generate succeeded.
Info: Finished: Create block symbol file (.bsf)
Info: 
Info: Starting: Create HDL design files for synthesis
Info: ip-generate --project-directory=C:\Users\x5277219\Desktop\Lab4 --output-directory=C:\Users\x5277219\Desktop\Lab4\SerialComCPU1\synthesis --file-set=QUARTUS_SYNTH --report-file=html:C:\Users\x5277219\Desktop\Lab4\SerialComCPU1\lab4_cpu.html --report-file=sopcinfo:C:\Users\x5277219\Desktop\Lab4\lab4_cpu.sopcinfo --report-file=cmp:C:\Users\x5277219\Desktop\Lab4\SerialComCPU1\lab4_cpu.cmp --report-file=qip:C:\Users\x5277219\Desktop\Lab4\SerialComCPU1\synthesis\lab4_cpu.qip --report-file=svd:C:\Users\x5277219\Desktop\Lab4\SerialComCPU1\synthesis\lab4_cpu.svd --report-file=regmap:C:\Users\x5277219\Desktop\Lab4\SerialComCPU1\synthesis\lab4_cpu.regmap --report-file=xml:C:\Users\x5277219\Desktop\Lab4\SerialComCPU1\lab4_cpu.xml --report-file=debuginfo:C:\Users\x5277219\Desktop\Lab4\SerialComCPU1\synthesis\lab4_cpu.debuginfo --system-info=DEVICE_FAMILY="Cyclone V" --system-info=DEVICE=5CSEMA5F31C6 --system-info=DEVICE_SPEEDGRADE=6 --component-file=C:\Users\x5277219\Desktop\Lab4\lab4_cpu.qsys --language=VERILOG
Progress: Loading Lab4/lab4_cpu.qsys
Progress: Reading input file
Progress: Adding clk_0 [clock_source 14.0]
Progress: Parameterizing module clk_0
Progress: Adding onchip_memory [altera_avalon_onchip_memory2 14.0]
Progress: Parameterizing module onchip_memory
Progress: Adding jtag_uart [altera_avalon_jtag_uart 14.0]
Progress: Parameterizing module jtag_uart
Progress: Adding LEDs [altera_avalon_pio 14.0]
Progress: Parameterizing module LEDs
Progress: Adding nios2_processor [altera_nios2_qsys 14.0]
Progress: Parameterizing module nios2_processor
Progress: Adding dataToMem [altera_avalon_pio 14.0]
Progress: Parameterizing module dataToMem
Progress: Adding dataToSent [altera_avalon_pio 14.0]
Progress: Parameterizing module dataToSent
Progress: Adding charSent [altera_avalon_pio 14.0]
Progress: Parameterizing module charSent
Progress: Adding charReceived [altera_avalon_pio 14.0]
Progress: Parameterizing module charReceived
Progress: Adding transEnable [altera_avalon_pio 14.0]
Progress: Parameterizing module transEnable
Progress: Building connections
Progress: Parameterizing connections
Progress: Validating
Progress: Done reading input file
Info: lab4_cpu.nios2_processor: Please note that for early evaluation, preview versions of new Nios II Gen2 Processors are available with this release.
Info: lab4_cpu.dataToMem: PIO inputs are not hardwired in test bench. Undefined values will be read from PIO inputs during simulation.
Info: lab4_cpu.charSent: PIO inputs are not hardwired in test bench. Undefined values will be read from PIO inputs during simulation.
Info: lab4_cpu.charReceived: PIO inputs are not hardwired in test bench. Undefined values will be read from PIO inputs during simulation.
Info: lab4_cpu: Generating lab4_cpu "lab4_cpu" for QUARTUS_SYNTH
Info: onchip_memory: Starting RTL generation for module 'lab4_cpu_onchip_memory'
Info: onchip_memory:   Generation command is [exec C:/altera/14.0/quartus/bin64/perl/bin/perl.exe -I C:/altera/14.0/quartus/bin64/perl/lib -I C:/altera/14.0/quartus/sopc_builder/bin/europa -I C:/altera/14.0/quartus/sopc_builder/bin/perl_lib -I C:/altera/14.0/quartus/sopc_builder/bin -I C:/altera/14.0/quartus/../ip/altera/sopc_builder_ip/common -I C:/altera/14.0/quartus/../ip/altera/sopc_builder_ip/altera_avalon_onchip_memory2 -- C:/altera/14.0/quartus/../ip/altera/sopc_builder_ip/altera_avalon_onchip_memory2/generate_rtl.pl --name=lab4_cpu_onchip_memory --dir=C:/Users/x5277219/AppData/Local/Temp/alt6506_5642785865413813469.dir/0001_onchip_memory_gen/ --quartus_dir=C:/altera/14.0/quartus --verilog --config=C:/Users/x5277219/AppData/Local/Temp/alt6506_5642785865413813469.dir/0001_onchip_memory_gen//lab4_cpu_onchip_memory_component_configuration.pl  --do_build_sim=0  ]
Info: onchip_memory: Done RTL generation for module 'lab4_cpu_onchip_memory'
Info: onchip_memory: "lab4_cpu" instantiated altera_avalon_onchip_memory2 "onchip_memory"
Info: jtag_uart: Starting RTL generation for module 'lab4_cpu_jtag_uart'
Info: jtag_uart:   Generation command is [exec C:/altera/14.0/quartus/bin64/perl/bin/perl.exe -I C:/altera/14.0/quartus/bin64/perl/lib -I C:/altera/14.0/quartus/sopc_builder/bin/europa -I C:/altera/14.0/quartus/sopc_builder/bin/perl_lib -I C:/altera/14.0/quartus/sopc_builder/bin -I C:/altera/14.0/quartus/../ip/altera/sopc_builder_ip/common -I C:/altera/14.0/quartus/../ip/altera/sopc_builder_ip/altera_avalon_jtag_uart -- C:/altera/14.0/quartus/../ip/altera/sopc_builder_ip/altera_avalon_jtag_uart/generate_rtl.pl --name=lab4_cpu_jtag_uart --dir=C:/Users/x5277219/AppData/Local/Temp/alt6506_5642785865413813469.dir/0002_jtag_uart_gen/ --quartus_dir=C:/altera/14.0/quartus --verilog --config=C:/Users/x5277219/AppData/Local/Temp/alt6506_5642785865413813469.dir/0002_jtag_uart_gen//lab4_cpu_jtag_uart_component_configuration.pl  --do_build_sim=0  ]
Info: jtag_uart: Done RTL generation for module 'lab4_cpu_jtag_uart'
Info: jtag_uart: "lab4_cpu" instantiated altera_avalon_jtag_uart "jtag_uart"
Info: LEDs: Starting RTL generation for module 'lab4_cpu_LEDs'
Info: LEDs:   Generation command is [exec C:/altera/14.0/quartus/bin64/perl/bin/perl.exe -I C:/altera/14.0/quartus/bin64/perl/lib -I C:/altera/14.0/quartus/sopc_builder/bin/europa -I C:/altera/14.0/quartus/sopc_builder/bin/perl_lib -I C:/altera/14.0/quartus/sopc_builder/bin -I C:/altera/14.0/quartus/../ip/altera/sopc_builder_ip/common -I C:/altera/14.0/quartus/../ip/altera/sopc_builder_ip/altera_avalon_pio -- C:/altera/14.0/quartus/../ip/altera/sopc_builder_ip/altera_avalon_pio/generate_rtl.pl --name=lab4_cpu_LEDs --dir=C:/Users/x5277219/AppData/Local/Temp/alt6506_5642785865413813469.dir/0003_LEDs_gen/ --quartus_dir=C:/altera/14.0/quartus --verilog --config=C:/Users/x5277219/AppData/Local/Temp/alt6506_5642785865413813469.dir/0003_LEDs_gen//lab4_cpu_LEDs_component_configuration.pl  --do_build_sim=0  ]
Info: LEDs: Done RTL generation for module 'lab4_cpu_LEDs'
Info: LEDs: "lab4_cpu" instantiated altera_avalon_pio "LEDs"
Info: nios2_processor: Starting RTL generation for module 'lab4_cpu_nios2_processor'
Info: nios2_processor:   Generation command is [exec C:/altera/14.0/quartus/bin64/eperlcmd.exe -I C:/altera/14.0/quartus/bin64/perl/lib -I C:/altera/14.0/quartus/sopc_builder/bin/europa -I C:/altera/14.0/quartus/sopc_builder/bin/perl_lib -I C:/altera/14.0/quartus/sopc_builder/bin -I C:/altera/14.0/quartus/../ip/altera/nios2_ip/altera_nios2/cpu_lib -I C:/altera/14.0/quartus/../ip/altera/nios2_ip/altera_nios2/nios_lib -I C:/altera/14.0/quartus/../ip/altera/nios2_ip/altera_nios2 -I C:/altera/14.0/quartus/../ip/altera/nios2_ip/altera_nios2 -- C:/altera/14.0/quartus/../ip/altera/nios2_ip/altera_nios2/generate_rtl.epl --name=lab4_cpu_nios2_processor --dir=C:/Users/x5277219/AppData/Local/Temp/alt6506_5642785865413813469.dir/0004_nios2_processor_gen/ --quartus_bindir=C:/altera/14.0/quartus/bin64 --verilog --config=C:/Users/x5277219/AppData/Local/Temp/alt6506_5642785865413813469.dir/0004_nios2_processor_gen//lab4_cpu_nios2_processor_processor_configuration.pl  --do_build_sim=0  ]
Info: nios2_processor: # 2015.03.12 14:38:17 (*) Starting Nios II generation
Info: nios2_processor: # 2015.03.12 14:38:17 (*)   Checking for plaintext license.
Info: nios2_processor: # 2015.03.12 14:38:18 (*)   Couldn't query license setup in Quartus directory C:/altera/14.0/quartus/bin64
Info: nios2_processor: # 2015.03.12 14:38:18 (*)   Defaulting to contents of LM_LICENSE_FILE environment variable
Info: nios2_processor: # 2015.03.12 14:38:39 (*)   Plaintext license not found.
Info: nios2_processor: # 2015.03.12 14:38:39 (*)   No license required to generate encrypted Nios II/e.
Info: nios2_processor: # 2015.03.12 14:38:39 (*)   Elaborating CPU configuration settings
Info: nios2_processor: # 2015.03.12 14:38:39 (*)   Creating all objects for CPU
Info: nios2_processor: # 2015.03.12 14:38:40 (*)   Generating RTL from CPU objects
Info: nios2_processor: # 2015.03.12 14:38:40 (*)   Creating plain-text RTL
Info: nios2_processor: # 2015.03.12 14:38:42 (*) Done Nios II generation
Info: nios2_processor: Done RTL generation for module 'lab4_cpu_nios2_processor'
Info: nios2_processor: "lab4_cpu" instantiated altera_nios2_qsys "nios2_processor"
Info: dataToMem: Starting RTL generation for module 'lab4_cpu_dataToMem'
Info: dataToMem:   Generation command is [exec C:/altera/14.0/quartus/bin64/perl/bin/perl.exe -I C:/altera/14.0/quartus/bin64/perl/lib -I C:/altera/14.0/quartus/sopc_builder/bin/europa -I C:/altera/14.0/quartus/sopc_builder/bin/perl_lib -I C:/altera/14.0/quartus/sopc_builder/bin -I C:/altera/14.0/quartus/../ip/altera/sopc_builder_ip/common -I C:/altera/14.0/quartus/../ip/altera/sopc_builder_ip/altera_avalon_pio -- C:/altera/14.0/quartus/../ip/altera/sopc_builder_ip/altera_avalon_pio/generate_rtl.pl --name=lab4_cpu_dataToMem --dir=C:/Users/x5277219/AppData/Local/Temp/alt6506_5642785865413813469.dir/0005_dataToMem_gen/ --quartus_dir=C:/altera/14.0/quartus --verilog --config=C:/Users/x5277219/AppData/Local/Temp/alt6506_5642785865413813469.dir/0005_dataToMem_gen//lab4_cpu_dataToMem_component_configuration.pl  --do_build_sim=0  ]
Info: dataToMem: Done RTL generation for module 'lab4_cpu_dataToMem'
Info: dataToMem: "lab4_cpu" instantiated altera_avalon_pio "dataToMem"
Info: charSent: Starting RTL generation for module 'lab4_cpu_charSent'
Info: charSent:   Generation command is [exec C:/altera/14.0/quartus/bin64/perl/bin/perl.exe -I C:/altera/14.0/quartus/bin64/perl/lib -I C:/altera/14.0/quartus/sopc_builder/bin/europa -I C:/altera/14.0/quartus/sopc_builder/bin/perl_lib -I C:/altera/14.0/quartus/sopc_builder/bin -I C:/altera/14.0/quartus/../ip/altera/sopc_builder_ip/common -I C:/altera/14.0/quartus/../ip/altera/sopc_builder_ip/altera_avalon_pio -- C:/altera/14.0/quartus/../ip/altera/sopc_builder_ip/altera_avalon_pio/generate_rtl.pl --name=lab4_cpu_charSent --dir=C:/Users/x5277219/AppData/Local/Temp/alt6506_5642785865413813469.dir/0006_charSent_gen/ --quartus_dir=C:/altera/14.0/quartus --verilog --config=C:/Users/x5277219/AppData/Local/Temp/alt6506_5642785865413813469.dir/0006_charSent_gen//lab4_cpu_charSent_component_configuration.pl  --do_build_sim=0  ]
Info: charSent: Done RTL generation for module 'lab4_cpu_charSent'
Info: charSent: "lab4_cpu" instantiated altera_avalon_pio "charSent"
Info: transEnable: Starting RTL generation for module 'lab4_cpu_transEnable'
Info: transEnable:   Generation command is [exec C:/altera/14.0/quartus/bin64/perl/bin/perl.exe -I C:/altera/14.0/quartus/bin64/perl/lib -I C:/altera/14.0/quartus/sopc_builder/bin/europa -I C:/altera/14.0/quartus/sopc_builder/bin/perl_lib -I C:/altera/14.0/quartus/sopc_builder/bin -I C:/altera/14.0/quartus/../ip/altera/sopc_builder_ip/common -I C:/altera/14.0/quartus/../ip/altera/sopc_builder_ip/altera_avalon_pio -- C:/altera/14.0/quartus/../ip/altera/sopc_builder_ip/altera_avalon_pio/generate_rtl.pl --name=lab4_cpu_transEnable --dir=C:/Users/x5277219/AppData/Local/Temp/alt6506_5642785865413813469.dir/0007_transEnable_gen/ --quartus_dir=C:/altera/14.0/quartus --verilog --config=C:/Users/x5277219/AppData/Local/Temp/alt6506_5642785865413813469.dir/0007_transEnable_gen//lab4_cpu_transEnable_component_configuration.pl  --do_build_sim=0  ]
Info: transEnable: Done RTL generation for module 'lab4_cpu_transEnable'
Info: transEnable: "lab4_cpu" instantiated altera_avalon_pio "transEnable"
Info: mm_interconnect_0: "lab4_cpu" instantiated altera_mm_interconnect "mm_interconnect_0"
Info: irq_mapper: "lab4_cpu" instantiated altera_irq_mapper "irq_mapper"
Info: rst_controller: "lab4_cpu" instantiated altera_reset_controller "rst_controller"
Info: nios2_processor_data_master_translator: "mm_interconnect_0" instantiated altera_merlin_master_translator "nios2_processor_data_master_translator"
Info: nios2_processor_jtag_debug_module_translator: "mm_interconnect_0" instantiated altera_merlin_slave_translator "nios2_processor_jtag_debug_module_translator"
Info: nios2_processor_data_master_agent: "mm_interconnect_0" instantiated altera_merlin_master_agent "nios2_processor_data_master_agent"
Info: nios2_processor_jtag_debug_module_agent: "mm_interconnect_0" instantiated altera_merlin_slave_agent "nios2_processor_jtag_debug_module_agent"
Info: nios2_processor_jtag_debug_module_agent_rsp_fifo: "mm_interconnect_0" instantiated altera_avalon_sc_fifo "nios2_processor_jtag_debug_module_agent_rsp_fifo"
Info: router: "mm_interconnect_0" instantiated altera_merlin_router "router"
Info: router_001: "mm_interconnect_0" instantiated altera_merlin_router "router_001"
Info: router_002: "mm_interconnect_0" instantiated altera_merlin_router "router_002"
Info: router_004: "mm_interconnect_0" instantiated altera_merlin_router "router_004"
Info: cmd_demux: "mm_interconnect_0" instantiated altera_merlin_demultiplexer "cmd_demux"
Info: cmd_demux_001: "mm_interconnect_0" instantiated altera_merlin_demultiplexer "cmd_demux_001"
Info: cmd_mux: "mm_interconnect_0" instantiated altera_merlin_multiplexer "cmd_mux"
Info: cmd_mux_002: "mm_interconnect_0" instantiated altera_merlin_multiplexer "cmd_mux_002"
Info: Reusing file C:/Users/x5277219/Desktop/Lab4/SerialComCPU1/synthesis/submodules/altera_merlin_arbitrator.sv
Info: rsp_demux_002: "mm_interconnect_0" instantiated altera_merlin_demultiplexer "rsp_demux_002"
Info: rsp_mux: "mm_interconnect_0" instantiated altera_merlin_multiplexer "rsp_mux"
Info: Reusing file C:/Users/x5277219/Desktop/Lab4/SerialComCPU1/synthesis/submodules/altera_merlin_arbitrator.sv
Info: rsp_mux_001: "mm_interconnect_0" instantiated altera_merlin_multiplexer "rsp_mux_001"
Info: Reusing file C:/Users/x5277219/Desktop/Lab4/SerialComCPU1/synthesis/submodules/altera_merlin_arbitrator.sv
Info: lab4_cpu: Done "lab4_cpu" with 27 modules, 41 files
Info: ip-generate succeeded.
Info: Finished: Create HDL design files for synthesis
