Flow report for DE1_SoC
Fri Mar 13 07:04:02 2015
Quartus II 64-Bit Version 14.0.0 Build 200 06/17/2014 SJ Full Version


---------------------
; Table of Contents ;
---------------------
  1. Legal Notice
  2. Flow Summary
  3. Flow Settings
  4. Flow Non-Default Global Settings
  5. Flow Elapsed Time
  6. Flow OS Summary
  7. Flow Log
  8. Flow Messages
  9. Flow Suppressed Messages



----------------
; Legal Notice ;
----------------
Copyright (C) 1991-2014 Altera Corporation. All rights reserved.
Your use of Altera Corporation's design tools, logic functions 
and other software and tools, and its AMPP partner logic 
functions, and any output files from any of the foregoing 
(including device programming or simulation files), and any 
associated documentation or information are expressly subject 
to the terms and conditions of the Altera Program License 
Subscription Agreement, the Altera Quartus II License Agreement,
the Altera MegaCore Function License Agreement, or other 
applicable license agreement, including, without limitation, 
that your use is for the sole purpose of programming logic 
devices manufactured by Altera and sold by Altera or its 
authorized distributors.  Please refer to the applicable 
agreement for further details.



+-------------------------------------------------------------------------------+
; Flow Summary                                                                  ;
+---------------------------------+---------------------------------------------+
; Flow Status                     ; Successful - Fri Mar 13 07:04:02 2015       ;
; Quartus II 64-Bit Version       ; 14.0.0 Build 200 06/17/2014 SJ Full Version ;
; Revision Name                   ; DE1_SoC                                     ;
; Top-level Entity Name           ; serialComCPU                                ;
; Family                          ; Cyclone V                                   ;
; Device                          ; 5CSEMA5F31C6                                ;
; Timing Models                   ; Final                                       ;
; Logic utilization (in ALMs)     ; 1,188 / 32,070 ( 4 % )                      ;
; Total registers                 ; 1911                                        ;
; Total pins                      ; 16 / 457 ( 4 % )                            ;
; Total virtual pins              ; 0                                           ;
; Total block memory bits         ; 1,256,448 / 4,065,280 ( 31 % )              ;
; Total DSP Blocks                ; 0 / 87 ( 0 % )                              ;
; Total HSSI RX PCSs              ; 0                                           ;
; Total HSSI PMA RX Deserializers ; 0                                           ;
; Total HSSI TX PCSs              ; 0                                           ;
; Total HSSI PMA TX Serializers   ; 0                                           ;
; Total PLLs                      ; 0 / 6 ( 0 % )                               ;
; Total DLLs                      ; 0 / 4 ( 0 % )                               ;
+---------------------------------+---------------------------------------------+


+-----------------------------------------+
; Flow Settings                           ;
+-------------------+---------------------+
; Option            ; Setting             ;
+-------------------+---------------------+
; Start date & time ; 03/13/2015 07:01:39 ;
; Main task         ; Compilation         ;
; Revision Name     ; DE1_SoC             ;
+-------------------+---------------------+


+------------------------------------------------------------------------------------------------------------------------------------------------------------------------------------------------------------------------------+
; Flow Non-Default Global Settings                                                                                                                                                                                             ;
+-------------------------------------+--------------------------------------------------------------------------------------------------------------------------------------+---------------+--------------+------------------+
; Assignment Name                     ; Value                                                                                                                                ; Default Value ; Entity Name  ; Section Id       ;
+-------------------------------------+--------------------------------------------------------------------------------------------------------------------------------------+---------------+--------------+------------------+
; COMPILER_SIGNATURE_ID               ; 91761366846.142625529905044                                                                                                          ; --            ; --           ; --               ;
; EDA_GENERATE_FUNCTIONAL_NETLIST     ; On                                                                                                                                   ; --            ; --           ; eda_simulation   ;
; EDA_NETLIST_WRITER_OUTPUT_DIR       ; C:/Users/x5277219/Desktop/Lab1 Counter1/simulation/qsim/                                                                             ; --            ; --           ; eda_simulation   ;
; EDA_OUTPUT_DATA_FORMAT              ; Verilog Hdl                                                                                                                          ; --            ; --           ; eda_simulation   ;
; EDA_SIMULATION_TOOL                 ; ModelSim-Altera (Verilog)                                                                                                            ; <None>        ; --           ; --               ;
; ENABLE_SIGNALTAP                    ; On                                                                                                                                   ; --            ; --           ; --               ;
; MAX_CORE_JUNCTION_TEMP              ; 85                                                                                                                                   ; --            ; --           ; --               ;
; MIN_CORE_JUNCTION_TEMP              ; 0                                                                                                                                    ; --            ; --           ; --               ;
; PARTITION_COLOR                     ; 16764057                                                                                                                             ; --            ; serialComCPU ; Top              ;
; PARTITION_FITTER_PRESERVATION_LEVEL ; PLACEMENT_AND_ROUTING                                                                                                                ; --            ; serialComCPU ; Top              ;
; PARTITION_NETLIST_TYPE              ; SOURCE                                                                                                                               ; --            ; serialComCPU ; Top              ;
; POWER_BOARD_THERMAL_MODEL           ; None (CONSERVATIVE)                                                                                                                  ; --            ; --           ; --               ;
; POWER_PRESET_COOLING_SOLUTION       ; 23 MM HEAT SINK WITH 200 LFPM AIRFLOW                                                                                                ; --            ; --           ; --               ;
; PROJECT_OUTPUT_DIRECTORY            ; output_files                                                                                                                         ; --            ; --           ; --               ;
; SLD_FILE                            ; db/clkTest_auto_stripped.stp                                                                                                         ; --            ; --           ; --               ;
; SLD_NODE_CREATOR_ID                 ; 110                                                                                                                                  ; --            ; --           ; auto_signaltap_0 ;
; SLD_NODE_ENTITY_NAME                ; sld_signaltap                                                                                                                        ; --            ; --           ; auto_signaltap_0 ;
; SLD_NODE_PARAMETER_ASSIGNMENT       ; SLD_RAM_BLOCK_TYPE=AUTO                                                                                                              ; --            ; --           ; auto_signaltap_0 ;
; SLD_NODE_PARAMETER_ASSIGNMENT       ; SLD_NODE_INFO=805334528                                                                                                              ; --            ; --           ; auto_signaltap_0 ;
; SLD_NODE_PARAMETER_ASSIGNMENT       ; SLD_POWER_UP_TRIGGER=0                                                                                                               ; --            ; --           ; auto_signaltap_0 ;
; SLD_NODE_PARAMETER_ASSIGNMENT       ; SLD_STORAGE_QUALIFIER_INVERSION_MASK_LENGTH=0                                                                                        ; --            ; --           ; auto_signaltap_0 ;
; SLD_NODE_PARAMETER_ASSIGNMENT       ; SLD_ATTRIBUTE_MEM_MODE=OFF                                                                                                           ; --            ; --           ; auto_signaltap_0 ;
; SLD_NODE_PARAMETER_ASSIGNMENT       ; SLD_STATE_FLOW_USE_GENERATED=0                                                                                                       ; --            ; --           ; auto_signaltap_0 ;
; SLD_NODE_PARAMETER_ASSIGNMENT       ; SLD_STATE_BITS=11                                                                                                                    ; --            ; --           ; auto_signaltap_0 ;
; SLD_NODE_PARAMETER_ASSIGNMENT       ; SLD_BUFFER_FULL_STOP=1                                                                                                               ; --            ; --           ; auto_signaltap_0 ;
; SLD_NODE_PARAMETER_ASSIGNMENT       ; SLD_CURRENT_RESOURCE_WIDTH=1                                                                                                         ; --            ; --           ; auto_signaltap_0 ;
; SLD_NODE_PARAMETER_ASSIGNMENT       ; SLD_INCREMENTAL_ROUTING=1                                                                                                            ; --            ; --           ; auto_signaltap_0 ;
; SLD_NODE_PARAMETER_ASSIGNMENT       ; SLD_TRIGGER_LEVEL=1                                                                                                                  ; --            ; --           ; auto_signaltap_0 ;
; SLD_NODE_PARAMETER_ASSIGNMENT       ; SLD_TRIGGER_IN_ENABLED=0                                                                                                             ; --            ; --           ; auto_signaltap_0 ;
; SLD_NODE_PARAMETER_ASSIGNMENT       ; SLD_ADVANCED_TRIGGER_ENTITY=basic,1,                                                                                                 ; --            ; --           ; auto_signaltap_0 ;
; SLD_NODE_PARAMETER_ASSIGNMENT       ; SLD_TRIGGER_LEVEL_PIPELINE=1                                                                                                         ; --            ; --           ; auto_signaltap_0 ;
; SLD_NODE_PARAMETER_ASSIGNMENT       ; SLD_ENABLE_ADVANCED_TRIGGER=0                                                                                                        ; --            ; --           ; auto_signaltap_0 ;
; SLD_NODE_PARAMETER_ASSIGNMENT       ; SLD_SEGMENT_SIZE=32768                                                                                                               ; --            ; --           ; auto_signaltap_0 ;
; SLD_NODE_PARAMETER_ASSIGNMENT       ; SLD_SAMPLE_DEPTH=32768                                                                                                               ; --            ; --           ; auto_signaltap_0 ;
; SLD_NODE_PARAMETER_ASSIGNMENT       ; SLD_DATA_BITS=28                                                                                                                     ; --            ; --           ; auto_signaltap_0 ;
; SLD_NODE_PARAMETER_ASSIGNMENT       ; SLD_TRIGGER_BITS=28                                                                                                                  ; --            ; --           ; auto_signaltap_0 ;
; SLD_NODE_PARAMETER_ASSIGNMENT       ; SLD_STORAGE_QUALIFIER_BITS=28                                                                                                        ; --            ; --           ; auto_signaltap_0 ;
; SLD_NODE_PARAMETER_ASSIGNMENT       ; SLD_INVERSION_MASK=00000000000000000000000000000000000000000000000000000000000000000000000000000000000000000000000000000000000000000 ; --            ; --           ; auto_signaltap_0 ;
; SLD_NODE_PARAMETER_ASSIGNMENT       ; SLD_INVERSION_MASK_LENGTH=113                                                                                                        ; --            ; --           ; auto_signaltap_0 ;
; STATE_MACHINE_PROCESSING            ; User-Encoded                                                                                                                         ; Auto          ; --           ; --               ;
; TOP_LEVEL_ENTITY                    ; serialComCPU                                                                                                                         ; DE1_SoC       ; --           ; --               ;
; USE_SIGNALTAP_FILE                  ; clkTest.stp                                                                                                                          ; --            ; --           ; --               ;
+-------------------------------------+--------------------------------------------------------------------------------------------------------------------------------------+---------------+--------------+------------------+


+-------------------------------------------------------------------------------------------------------------------------------+
; Flow Elapsed Time                                                                                                             ;
+---------------------------+--------------+-------------------------+---------------------+------------------------------------+
; Module Name               ; Elapsed Time ; Average Processors Used ; Peak Virtual Memory ; Total CPU Time (on all processors) ;
+---------------------------+--------------+-------------------------+---------------------+------------------------------------+
; Analysis & Synthesis      ; 00:00:48     ; 1.0                     ; 788 MB              ; 00:00:36                           ;
; Partition Merge           ; 00:00:06     ; 1.0                     ; 783 MB              ; 00:00:06                           ;
; Fitter                    ; 00:00:36     ; 1.5                     ; 2266 MB             ; 00:00:54                           ;
; Assembler                 ; 00:00:12     ; 1.0                     ; 696 MB              ; 00:00:13                           ;
; TimeQuest Timing Analyzer ; 00:00:27     ; 2.0                     ; 1062 MB             ; 00:00:49                           ;
; EDA Netlist Writer        ; 00:00:02     ; 1.0                     ; 597 MB              ; 00:00:02                           ;
; Total                     ; 00:02:11     ; --                      ; --                  ; 00:02:40                           ;
+---------------------------+--------------+-------------------------+---------------------+------------------------------------+


+----------------------------------------------------------------------------------------+
; Flow OS Summary                                                                        ;
+---------------------------+------------------+-----------+------------+----------------+
; Module Name               ; Machine Hostname ; OS Name   ; OS Version ; Processor type ;
+---------------------------+------------------+-----------+------------+----------------+
; Analysis & Synthesis      ; EE-361PC03       ; Windows 7 ; 6.2        ; x86_64         ;
; Partition Merge           ; EE-361PC03       ; Windows 7 ; 6.2        ; x86_64         ;
; Fitter                    ; EE-361PC03       ; Windows 7 ; 6.2        ; x86_64         ;
; Assembler                 ; EE-361PC03       ; Windows 7 ; 6.2        ; x86_64         ;
; TimeQuest Timing Analyzer ; EE-361PC03       ; Windows 7 ; 6.2        ; x86_64         ;
; EDA Netlist Writer        ; EE-361PC03       ; Windows 7 ; 6.2        ; x86_64         ;
+---------------------------+------------------+-----------+------------+----------------+


------------
; Flow Log ;
------------
quartus_map --read_settings_files=on --write_settings_files=off DE1_SoC -c DE1_SoC --recompile=on
quartus_cdb --read_settings_files=on --write_settings_files=off DE1_SoC -c DE1_SoC --merge=on --recompile=on
quartus_fit --read_settings_files=off --write_settings_files=off DE1_SoC -c DE1_SoC --recompile=on
quartus_asm --read_settings_files=off --write_settings_files=off DE1_SoC -c DE1_SoC
quartus_sta DE1_SoC -c DE1_SoC
quartus_eda --read_settings_files=off --write_settings_files=off DE1_SoC -c DE1_SoC



